2025-02-05 18:28:35,927 - pyswarms.single.global_best - INFO - Optimize for 2 iters with {'c1': 0.5, 'c2': 0.6, 'w': 0.9}
2025-03-08 11:06:37,412 - pyswarms.single.global_best - INFO - Optimize for 20 iters with {'c1': 0.5, 'c2': 0.6, 'w': 0.9}
2025-03-08 11:06:59,616 - pyswarms.single.global_best - INFO - Optimization finished | best cost: 0.13012402393688408, best pos: [0.13442064]
2025-03-08 11:14:17,408 - pyswarms.single.global_best - INFO - Optimize for 20 iters with {'c1': 0.5, 'c2': 0.6, 'w': 0.9}
2025-03-08 11:14:37,100 - pyswarms.single.global_best - INFO - Optimization finished | best cost: 0.13012713256195504, best pos: [0.13524462]
2025-03-08 11:16:58,553 - pyswarms.single.global_best - INFO - Optimize for 20 iters with {'c1': 0.5, 'c2': 0.6, 'w': 0.9}
2025-03-08 11:17:18,336 - pyswarms.single.global_best - INFO - Optimization finished | best cost: 0.13012713256195504, best pos: [0.13363725]
2025-03-08 11:20:18,045 - pyswarms.single.global_best - INFO - Optimize for 100 iters with {'c1': 0.5, 'c2': 0.6, 'w': 0.9}
2025-03-08 11:21:54,568 - pyswarms.single.global_best - INFO - Optimization finished | best cost: 0.13012481477205723, best pos: [0.13506536]
2025-03-08 11:26:02,184 - pyswarms.single.global_best - INFO - Optimize for 100 iters with {'c1': 0.5, 'c2': 0.6, 'w': 0.9}
2025-03-08 11:26:28,045 - pyswarms.single.global_best - INFO - Optimize for 100 iters with {'c1': 0.5, 'c2': 0.6, 'w': 0.9}
2025-03-08 11:28:09,078 - pyswarms.single.global_best - INFO - Optimization finished | best cost: 0.13012293004987702, best pos: [0.13466245]
2025-03-08 12:48:34,725 - pyswarms.single.global_best - INFO - Optimize for 20 iters with {'c1': 0.5, 'c2': 0.6, 'w': 0.9}
2025-03-08 12:48:52,113 - pyswarms.single.global_best - INFO - Optimize for 20 iters with {'c1': 0.5, 'c2': 0.6, 'w': 0.9}
2025-03-08 12:52:50,370 - pyswarms.single.global_best - INFO - Optimize for 20 iters with {'c1': 0.5, 'c2': 0.6, 'w': 0.9}
2025-03-08 12:53:10,990 - pyswarms.single.global_best - INFO - Optimization finished | best cost: 0.13012297174006374, best pos: [0.13463404]
2025-03-08 12:56:41,442 - pyswarms.single.global_best - INFO - Optimize for 20 iters with {'c1': 0.5, 'c2': 0.6, 'w': 0.9}
2025-03-08 12:58:20,234 - pyswarms.single.global_best - INFO - Optimize for 20 iters with {'c1': 0.5, 'c2': 0.6, 'w': 0.9}
2025-03-08 13:00:32,492 - pyswarms.single.global_best - INFO - Optimize for 20 iters with {'c1': 0.5, 'c2': 0.6, 'w': 0.9}
2025-03-08 13:01:58,430 - pyswarms.single.global_best - INFO - Optimization finished | best cost: 0.003528350266519524, best pos: [0.03351695 0.02577414]
2025-03-08 13:10:41,812 - pyswarms.single.global_best - INFO - Optimize for 20 iters with {'c1': 0.5, 'c2': 0.6, 'w': 0.9}
2025-03-08 13:12:25,439 - pyswarms.single.global_best - INFO - Optimization finished | best cost: 0.0056081113354781815, best pos: [0.02003475 0.2607943 ]
2025-03-08 13:12:57,681 - pyswarms.single.global_best - INFO - Optimize for 20 iters with {'c1': 0.5, 'c2': 0.6, 'w': 0.9}
2025-03-08 13:14:40,273 - pyswarms.single.global_best - INFO - Optimization finished | best cost: 0.005625759407289137, best pos: [0.02038448]
2025-03-08 13:29:31,794 - pyswarms.single.global_best - INFO - Optimize for 20 iters with {'c1': 0.5, 'c2': 0.6, 'w': 0.9}
2025-03-08 13:29:46,615 - pyswarms.single.global_best - INFO - Optimize for 20 iters with {'c1': 0.5, 'c2': 0.6, 'w': 0.9}
2025-03-08 13:37:17,857 - pyswarms.single.global_best - INFO - Optimize for 20 iters with {'c1': 0.5, 'c2': 0.6, 'w': 0.9}
2025-03-08 13:51:56,507 - pyswarms.single.global_best - INFO - Optimize for 20 iters with {'c1': 0.5, 'c2': 0.6, 'w': 0.9}
2025-03-08 13:54:55,706 - pyswarms.single.global_best - INFO - Optimize for 20 iters with {'c1': 0.5, 'c2': 0.6, 'w': 0.9}
2025-03-08 13:56:07,939 - pyswarms.single.global_best - INFO - Optimization finished | best cost: 0.005367221893023441, best pos: [0.45997495 0.01515166 3.44798421]
2025-03-08 14:02:43,219 - pyswarms.single.global_best - INFO - Optimize for 20 iters with {'c1': 0.5, 'c2': 0.6, 'w': 0.9}
2025-03-08 14:03:03,671 - pyswarms.single.global_best - INFO - Optimize for 20 iters with {'c1': 0.5, 'c2': 0.6, 'w': 0.9}
2025-03-08 14:04:16,424 - pyswarms.single.global_best - INFO - Optimization finished | best cost: 0.005360997611748595, best pos: [0.01502473 3.44805966 0.46007893]
2025-03-22 12:23:49,623 - pyswarms.single.global_best - INFO - Optimize for 20 iters with {'c1': 0.5, 'c2': 0.6, 'w': 0.9}
2025-03-22 12:24:10,766 - pyswarms.single.global_best - INFO - Optimization finished | best cost: 0.13012291087501154, best pos: [0.1347057]
2025-04-05 20:53:43,105 - pyswarms.single.global_best - INFO - Optimize for 400 iters with {'c1': 0.5, 'c2': 0.6, 'w': 0.9}
2025-04-05 21:06:32,498 - pyswarms.single.global_best - INFO - Optimization finished | best cost: 0.13012291032003706, best pos: [0.13469911]
2025-07-23 18:28:17,706 - pyswarms.single.global_best - INFO - Optimize for 2 iters with {'c1': 0.5, 'c2': 0.6, 'w': 0.9}
